[INFO ] 2024-01-20 00:45:17.463 [main] Withdraw_step_def - User navigates to the URL
[INFO ] 2024-01-20 00:45:22.378 [main] Withdraw_step_def - User performs the login process
[INFO ] 2024-01-20 00:45:26.413 [main] Withdraw_step_def - User clicks on withdraw link
[INFO ] 2024-01-20 00:45:28.533 [main] Withdraw_step_def - select DropDown button and test
[INFO ] 2024-01-20 00:45:28.672 [main] Withdraw_step_def - check RestButton
[INFO ] 2024-01-20 00:45:31.381 [main] Withdraw_step_def - check withdraw with no value in input
[INFO ] 2024-01-20 00:45:31.702 [main] Withdraw_step_def - check withdraw with invalid amount
[INFO ] 2024-01-20 00:45:34.620 [main] Withdraw_step_def - check withdraw with exceed bank amount
[INFO ] 2024-01-20 00:45:37.399 [main] Withdraw_step_def - give valid amount and deposite
[INFO ] 2024-01-20 00:52:54.894 [main] Withdraw_step_def - User navigates to the URL
[INFO ] 2024-01-20 00:52:57.996 [main] Withdraw_step_def - User performs the login process
[INFO ] 2024-01-20 01:35:46.105 [main] Withdraw_step_def - User navigates to the URL
[INFO ] 2024-01-20 01:35:50.734 [main] Withdraw_step_def - User performs the login process
[INFO ] 2024-01-20 01:35:54.581 [main] Withdraw_step_def - User clicks on withdraw link
[INFO ] 2024-01-20 01:35:56.399 [main] Withdraw_step_def - select DropDown button and test
[INFO ] 2024-01-20 01:35:56.542 [main] Withdraw_step_def - check RestButton
[INFO ] 2024-01-20 01:35:58.959 [main] Withdraw_step_def - check withdraw with no value in input
[INFO ] 2024-01-20 01:35:59.249 [main] Withdraw_step_def - check withdraw with invalid amount
[INFO ] 2024-01-20 01:36:01.813 [main] Withdraw_step_def - check withdraw with exceed bank amount
[INFO ] 2024-01-20 01:36:04.249 [main] Withdraw_step_def - give valid amount and deposite
[INFO ] 2024-01-20 01:48:51.386 [main] Withdraw_step_def - User navigates to the URL
[INFO ] 2024-01-20 01:48:53.403 [main] Withdraw_step_def - User performs the login process
[INFO ] 2024-01-20 01:48:58.609 [main] Withdraw_step_def - User clicks on withdraw link
[INFO ] 2024-01-20 01:49:00.636 [main] Withdraw_step_def - check RestButton
[INFO ] 2024-01-20 01:49:03.802 [main] Withdraw_step_def - select DropDown button and test
[INFO ] 2024-01-20 01:49:04.253 [main] Withdraw_step_def - check withdraw with no value in input
[INFO ] 2024-01-20 01:49:05.096 [main] Withdraw_step_def - check withdraw with invalid amount
[INFO ] 2024-01-20 01:49:08.349 [main] Withdraw_step_def - check withdraw with exceed bank amount
[INFO ] 2024-01-20 01:49:11.199 [main] Withdraw_step_def - give valid amount and deposite
[INFO ] 2024-01-20 01:51:10.641 [main] Withdraw_step_def - User navigates to the URL
[INFO ] 2024-01-20 01:51:15.175 [main] Withdraw_step_def - User performs the login process
[INFO ] 2024-01-20 01:51:19.102 [main] Withdraw_step_def - User clicks on withdraw link
[INFO ] 2024-01-20 01:51:21.508 [main] Withdraw_step_def - check RestButton
[INFO ] 2024-01-20 01:51:24.231 [main] Withdraw_step_def - select DropDown button and test
[INFO ] 2024-01-20 01:51:24.384 [main] Withdraw_step_def - check withdraw with no value in input
[INFO ] 2024-01-20 01:51:24.696 [main] Withdraw_step_def - check withdraw with invalid amount
[INFO ] 2024-01-20 01:51:28.084 [main] Withdraw_step_def - check withdraw with exceed bank amount
[INFO ] 2024-01-20 01:51:31.045 [main] Withdraw_step_def - give valid amount and deposite
[INFO ] 2024-01-20 01:53:23.498 [main] Withdraw_step_def - User navigates to the URL
[INFO ] 2024-01-20 01:53:56.846 [main] Withdraw_step_def - User navigates to the URL
[INFO ] 2024-01-20 01:54:23.718 [main] Withdraw_step_def - User navigates to the URL
[INFO ] 2024-01-20 01:56:03.026 [main] Withdraw_step_def - User navigates to the URL
[INFO ] 2024-01-20 01:56:59.760 [main] Withdraw_step_def - User navigates to the URL
[INFO ] 2024-01-20 01:57:04.219 [main] Withdraw_step_def - User performs the login process
[INFO ] 2024-01-20 01:57:06.121 [main] Withdraw_step_def - User clicks on withdraw link
[INFO ] 2024-01-20 02:08:00.375 [main] Withdraw_step_def - User navigates to the URL
[INFO ] 2024-01-20 02:08:05.591 [main] Withdraw_step_def - User performs the login process
[INFO ] 2024-01-20 02:08:09.749 [main] Withdraw_step_def - User clicks on withdraw link
[INFO ] 2024-01-20 02:08:12.013 [main] Withdraw_step_def - check RestButton
[INFO ] 2024-01-20 02:08:14.458 [main] Withdraw_step_def - select DropDown button and test
[INFO ] 2024-01-20 02:08:14.555 [main] Withdraw_step_def - check withdraw with no value in input
[INFO ] 2024-01-20 02:08:14.770 [main] Withdraw_step_def - check withdraw with invalid amount
[INFO ] 2024-01-20 02:08:17.371 [main] Withdraw_step_def - check withdraw with exceed bank amount
[INFO ] 2024-01-20 02:08:20.344 [main] Withdraw_step_def - give valid amount and deposite
[INFO ] 2024-01-20 02:16:48.406 [main] Withdraw_step_def - User navigates to the URL
[INFO ] 2024-01-20 02:16:52.960 [main] Withdraw_step_def - User performs the login process
[INFO ] 2024-01-20 02:16:57.066 [main] Withdraw_step_def - User clicks on withdraw link
[INFO ] 2024-01-20 02:16:59.676 [main] Withdraw_step_def - check RestButton
[INFO ] 2024-01-20 02:17:02.151 [main] Withdraw_step_def - select DropDown button and test
[INFO ] 2024-01-20 02:17:02.320 [main] Withdraw_step_def - check withdraw with no value in input
[INFO ] 2024-01-20 02:17:02.563 [main] Withdraw_step_def - check withdraw with invalid amount
[INFO ] 2024-01-20 02:17:05.939 [main] Withdraw_step_def - check withdraw with exceed bank amount
[INFO ] 2024-01-20 02:17:08.628 [main] Withdraw_step_def - give valid amount and deposite
[INFO ] 2024-01-20 02:44:37.194 [main] Withdraw_step_def - User navigates to the URL
[INFO ] 2024-01-20 02:44:41.920 [main] Withdraw_step_def - User performs the login process
[INFO ] 2024-01-20 02:44:46.049 [main] Withdraw_step_def - User clicks on withdraw link
[INFO ] 2024-01-20 02:44:50.800 [main] Withdraw_step_def - check RestButton
[INFO ] 2024-01-20 02:44:56.804 [main] Withdraw_step_def - select DropDown button and test
[INFO ] 2024-01-20 02:44:56.968 [main] Withdraw_step_def - check withdraw with no value in input
[INFO ] 2024-01-20 02:45:00.223 [main] Withdraw_step_def - check withdraw with invalid amount
[ERROR] 2024-01-20 02:45:05.130 [main] Withdraw_step_def - The withdraw amount ($0.00) must be greater than $0.00
[INFO ] 2024-01-20 02:45:05.130 [main] Withdraw_step_def - check withdraw with exceed bank amount
[INFO ] 2024-01-20 02:45:09.192 [main] Withdraw_step_def - give valid amount and deposite
[INFO ] 2024-01-20 02:56:32.089 [main] Withdraw_step_def - User navigates to the URL
[INFO ] 2024-01-20 02:56:36.610 [main] Withdraw_step_def - User performs the login process
[INFO ] 2024-01-20 02:56:41.003 [main] Withdraw_step_def - User clicks on withdraw link
[INFO ] 2024-01-20 02:56:42.827 [main] Withdraw_step_def - check RestButton
[INFO ] 2024-01-20 02:56:45.548 [main] Withdraw_step_def - select DropDown button and test
[INFO ] 2024-01-20 02:56:45.696 [main] Withdraw_step_def - check withdraw with no value in input
[INFO ] 2024-01-20 02:56:48.931 [main] Withdraw_step_def - check withdraw with invalid amount
[ERROR] 2024-01-20 02:56:51.435 [main] Withdraw_step_def - The withdraw amount ($0.00) must be greater than $0.00
[INFO ] 2024-01-20 02:56:51.435 [main] Withdraw_step_def - check withdraw with exceed bank amount
[INFO ] 2024-01-20 03:01:41.593 [main] Withdraw_step_def - User navigates to the URL
[INFO ] 2024-01-20 03:01:46.975 [main] Withdraw_step_def - User performs the login process
[INFO ] 2024-01-20 03:01:51.674 [main] Withdraw_step_def - User clicks on withdraw link
[INFO ] 2024-01-20 03:01:56.704 [main] Withdraw_step_def - check RestButton
[INFO ] 2024-01-20 03:01:59.913 [main] Withdraw_step_def - select DropDown button and test
[INFO ] 2024-01-20 03:02:00.048 [main] Withdraw_step_def - check withdraw with no value in input
[INFO ] 2024-01-20 03:02:03.365 [main] Withdraw_step_def - check withdraw with invalid amount
[ERROR] 2024-01-20 03:02:06.472 [main] Withdraw_step_def - The withdraw amount ($0.00) must be greater than $0.00
[INFO ] 2024-01-20 03:02:06.472 [main] Withdraw_step_def - check withdraw with exceed bank amount
[INFO ] 2024-01-20 03:03:52.656 [main] Withdraw_step_def - User navigates to the URL
[INFO ] 2024-01-20 03:03:57.611 [main] Withdraw_step_def - User performs the login process
[INFO ] 2024-01-20 03:04:05.657 [main] Withdraw_step_def - User clicks on withdraw link
[INFO ] 2024-01-20 03:04:16.419 [main] Withdraw_step_def - check RestButton
[INFO ] 2024-01-20 03:04:22.444 [main] Withdraw_step_def - select DropDown button and test
[INFO ] 2024-01-20 03:04:22.569 [main] Withdraw_step_def - check withdraw with no value in input
[INFO ] 2024-01-20 03:04:25.764 [main] Withdraw_step_def - check withdraw with invalid amount
[ERROR] 2024-01-20 03:04:31.060 [main] Withdraw_step_def - The withdraw amount ($0.00) must be greater than $0.00
[INFO ] 2024-01-20 03:04:31.060 [main] Withdraw_step_def - check withdraw with exceed bank amount
[INFO ] 2024-01-20 03:05:10.120 [main] Withdraw_step_def - User navigates to the URL
[INFO ] 2024-01-20 03:05:13.254 [main] Withdraw_step_def - User performs the login process
[INFO ] 2024-01-20 03:05:33.640 [main] Withdraw_step_def - User navigates to the URL
[INFO ] 2024-01-20 03:05:38.401 [main] Withdraw_step_def - User performs the login process
[INFO ] 2024-01-20 03:05:48.555 [main] Withdraw_step_def - User clicks on withdraw link
[INFO ] 2024-01-20 03:05:53.125 [main] Withdraw_step_def - check RestButton
[INFO ] 2024-01-20 03:05:55.820 [main] Withdraw_step_def - select DropDown button and test
[INFO ] 2024-01-20 03:05:55.948 [main] Withdraw_step_def - check withdraw with no value in input
[INFO ] 2024-01-20 03:05:59.164 [main] Withdraw_step_def - check withdraw with invalid amount
[ERROR] 2024-01-20 03:06:02.084 [main] Withdraw_step_def - The withdraw amount ($0.00) must be greater than $0.00
[INFO ] 2024-01-20 03:06:02.084 [main] Withdraw_step_def - check withdraw with exceed bank amount
[INFO ] 2024-01-20 03:08:57.391 [main] Withdraw_step_def - User navigates to the URL
[INFO ] 2024-01-20 03:09:01.985 [main] Withdraw_step_def - User performs the login process
[INFO ] 2024-01-20 03:09:06.284 [main] Withdraw_step_def - User clicks on withdraw link
[INFO ] 2024-01-20 03:09:08.335 [main] Withdraw_step_def - check RestButton
[INFO ] 2024-01-20 03:09:10.616 [main] Withdraw_step_def - select DropDown button and test
[INFO ] 2024-01-20 03:09:10.746 [main] Withdraw_step_def - check withdraw with no value in input
[INFO ] 2024-01-20 03:09:13.965 [main] Withdraw_step_def - check withdraw with invalid amount
[ERROR] 2024-01-20 03:09:16.529 [main] Withdraw_step_def - The withdraw amount ($0.00) must be greater than $0.00
[INFO ] 2024-01-20 03:09:16.529 [main] Withdraw_step_def - check withdraw with exceed bank amount
[INFO ] 2024-01-20 03:10:24.627 [main] Withdraw_step_def - User navigates to the URL
[INFO ] 2024-01-20 03:10:29.092 [main] Withdraw_step_def - User performs the login process
[INFO ] 2024-01-20 03:10:32.978 [main] Withdraw_step_def - User clicks on withdraw link
[INFO ] 2024-01-20 03:10:34.931 [main] Withdraw_step_def - check RestButton
[INFO ] 2024-01-20 03:11:03.761 [main] Withdraw_step_def - User navigates to the URL
[INFO ] 2024-01-20 03:11:06.863 [main] Withdraw_step_def - User performs the login process
[INFO ] 2024-01-20 03:24:21.545 [main] Withdraw_step_def - User navigates to the URL
[INFO ] 2024-01-20 03:24:26.188 [main] Withdraw_step_def - User performs the login process
[INFO ] 2024-01-20 03:24:30.118 [main] Withdraw_step_def - User clicks on withdraw link
[INFO ] 2024-01-20 03:24:31.797 [main] Withdraw_step_def - select DropDown button and test
[INFO ] 2024-01-20 03:24:31.942 [main] Withdraw_step_def - check RestButton
[INFO ] 2024-01-20 03:24:33.588 [main] Withdraw_step_def - check withdraw with no value in input
[INFO ] 2024-01-20 03:24:33.815 [main] Withdraw_step_def - check withdraw with invalid amount
[INFO ] 2024-01-20 03:24:35.691 [main] Withdraw_step_def - check withdraw with exceed bank amount
[INFO ] 2024-01-20 03:24:37.961 [main] Withdraw_step_def - give valid amount and deposite
[INFO ] 2024-01-20 03:25:26.464 [main] Withdraw_step_def - User navigates to the URL
[INFO ] 2024-01-20 03:25:30.906 [main] Withdraw_step_def - User performs the login process
[INFO ] 2024-01-20 03:25:35.007 [main] Withdraw_step_def - User clicks on withdraw link
[INFO ] 2024-01-20 03:25:37.077 [main] Withdraw_step_def - check RestButton
[INFO ] 2024-01-20 03:26:12.852 [main] Withdraw_step_def - User navigates to the URL
[INFO ] 2024-01-20 03:26:17.760 [main] Withdraw_step_def - User performs the login process
[INFO ] 2024-01-20 03:26:22.189 [main] Withdraw_step_def - User clicks on withdraw link
[INFO ] 2024-01-20 03:26:24.930 [main] Withdraw_step_def - check RestButton
[INFO ] 2024-01-20 03:26:27.637 [main] Withdraw_step_def - select DropDown button and test
[INFO ] 2024-01-20 03:26:27.767 [main] Withdraw_step_def - check withdraw with no value in input
[INFO ] 2024-01-20 03:26:30.976 [main] Withdraw_step_def - check withdraw with invalid amount
[ERROR] 2024-01-20 03:26:36.589 [main] Withdraw_step_def - The withdraw amount ($0.00) must be greater than $0.00
[INFO ] 2024-01-20 03:26:36.590 [main] Withdraw_step_def - check withdraw with exceed bank amount
[INFO ] 2024-01-20 03:33:01.245 [main] Withdraw_step_def - User navigates to the URL
[INFO ] 2024-01-20 03:33:04.397 [main] Withdraw_step_def - User performs the login process
[INFO ] 2024-01-20 03:33:27.519 [main] Withdraw_step_def - User navigates to the URL
[INFO ] 2024-01-20 03:33:30.708 [main] Withdraw_step_def - User performs the login process
[INFO ] 2024-01-20 03:34:14.699 [main] Withdraw_step_def - User navigates to the URL
[INFO ] 2024-01-20 03:34:20.800 [main] Withdraw_step_def - User performs the login process
[INFO ] 2024-01-20 03:34:37.483 [main] Withdraw_step_def - User navigates to the URL
[INFO ] 2024-01-20 03:34:43.760 [main] Withdraw_step_def - User performs the login process
[INFO ] 2024-01-20 03:34:49.232 [main] Withdraw_step_def - User clicks on withdraw link
[INFO ] 2024-01-20 03:34:51.648 [main] Withdraw_step_def - check RestButton
[INFO ] 2024-01-20 03:34:55.144 [main] Withdraw_step_def - select DropDown button and test
[INFO ] 2024-01-20 03:34:55.292 [main] Withdraw_step_def - check withdraw with no value in input
[INFO ] 2024-01-20 03:34:58.516 [main] Withdraw_step_def - check withdraw with invalid amount
[ERROR] 2024-01-20 03:35:11.636 [main] Withdraw_step_def - The withdraw amount ($0.00) must be greater than $0.00
[INFO ] 2024-01-20 03:35:11.636 [main] Withdraw_step_def - check withdraw with exceed bank amount
[INFO ] 2024-01-20 03:36:25.088 [main] Withdraw_step_def - User navigates to the URL
[INFO ] 2024-01-20 03:36:32.533 [main] Withdraw_step_def - User performs the login process
[INFO ] 2024-01-20 03:36:36.924 [main] Withdraw_step_def - User clicks on withdraw link
[INFO ] 2024-01-20 03:36:39.271 [main] Withdraw_step_def - check RestButton
[INFO ] 2024-01-20 03:36:41.369 [main] Withdraw_step_def - select DropDown button and test
[INFO ] 2024-01-20 03:36:41.494 [main] Withdraw_step_def - check withdraw with no value in input
[INFO ] 2024-01-20 03:36:44.707 [main] Withdraw_step_def - check withdraw with invalid amount
[ERROR] 2024-01-20 03:36:50.183 [main] Withdraw_step_def - The withdraw amount ($0.00) must be greater than $0.00
[INFO ] 2024-01-20 03:36:50.183 [main] Withdraw_step_def - check withdraw with exceed bank amount
[INFO ] 2024-01-20 03:36:55.344 [main] Withdraw_step_def - give valid amount and deposite
[INFO ] 2024-01-20 03:39:07.654 [main] Withdraw_step_def - User navigates to the URL
[INFO ] 2024-01-20 03:39:15.379 [main] Withdraw_step_def - User performs the login process
[INFO ] 2024-01-20 03:39:19.721 [main] Withdraw_step_def - User clicks on withdraw link
[INFO ] 2024-01-20 03:39:22.089 [main] Withdraw_step_def - check RestButton
[INFO ] 2024-01-20 03:39:24.411 [main] Withdraw_step_def - select DropDown button and test
[INFO ] 2024-01-20 03:39:24.537 [main] Withdraw_step_def - check withdraw with no value in input
[INFO ] 2024-01-20 03:39:27.753 [main] Withdraw_step_def - check withdraw with invalid amount
[ERROR] 2024-01-20 03:39:33.215 [main] Withdraw_step_def - The withdraw amount ($0.00) must be greater than $0.00
[INFO ] 2024-01-20 03:39:33.216 [main] Withdraw_step_def - check withdraw with exceed bank amount
[INFO ] 2024-01-20 03:41:37.075 [main] Withdraw_step_def - User navigates to the URL
[INFO ] 2024-01-20 03:41:43.163 [main] Withdraw_step_def - User performs the login process
[INFO ] 2024-01-20 03:42:04.152 [main] Withdraw_step_def - User navigates to the URL
[INFO ] 2024-01-20 03:42:10.338 [main] Withdraw_step_def - User performs the login process
[INFO ] 2024-01-20 03:42:15.340 [main] Withdraw_step_def - User clicks on withdraw link
[INFO ] 2024-01-20 03:42:17.920 [main] Withdraw_step_def - check RestButton
[INFO ] 2024-01-20 03:42:20.523 [main] Withdraw_step_def - select DropDown button and test
[INFO ] 2024-01-20 03:42:20.664 [main] Withdraw_step_def - check withdraw with no value in input
[INFO ] 2024-01-20 03:42:23.885 [main] Withdraw_step_def - check withdraw with invalid amount
[ERROR] 2024-01-20 03:42:30.215 [main] Withdraw_step_def - The withdraw amount ($0.00) must be greater than $0.00
[INFO ] 2024-01-20 03:42:30.215 [main] Withdraw_step_def - check withdraw with exceed bank amount
[INFO ] 2024-01-20 03:44:47.355 [main] Withdraw_step_def - User navigates to the URL
[INFO ] 2024-01-20 03:44:55.361 [main] Withdraw_step_def - User performs the login process
[INFO ] 2024-01-20 03:44:59.438 [main] Withdraw_step_def - User clicks on withdraw link
[INFO ] 2024-01-20 03:45:01.683 [main] Withdraw_step_def - check RestButton
[INFO ] 2024-01-20 03:45:04.317 [main] Withdraw_step_def - select DropDown button and test
[INFO ] 2024-01-20 03:45:04.446 [main] Withdraw_step_def - check withdraw with no value in input
[INFO ] 2024-01-20 03:45:07.665 [main] Withdraw_step_def - check withdraw with invalid amount
[ERROR] 2024-01-20 03:45:13.881 [main] Withdraw_step_def - The withdraw amount ($0.00) must be greater than $0.00
[INFO ] 2024-01-20 03:45:13.881 [main] Withdraw_step_def - check withdraw with exceed bank amount
[ERROR] 2024-01-20 03:45:27.024 [main] Withdraw_step_def - The withdraw amount ($10000000000000000.00) is greater than the available balance ($5999999997681.00) and overdraft limit ($25.00).
[INFO ] 2024-01-20 03:45:30.026 [main] Withdraw_step_def - give valid amount and deposite
[INFO ] 2024-01-20 03:49:26.732 [main] Withdraw_step_def - User navigates to the URL
[INFO ] 2024-01-20 03:49:31.520 [main] Withdraw_step_def - User performs the login process
[INFO ] 2024-01-20 03:49:35.597 [main] Withdraw_step_def - User clicks on withdraw link
[INFO ] 2024-01-20 03:49:37.948 [main] Withdraw_step_def - select DropDown button and test
[INFO ] 2024-01-20 03:49:38.067 [main] Withdraw_step_def - check RestButton
[INFO ] 2024-01-20 03:49:40.828 [main] Withdraw_step_def - check withdraw with no value in input
[INFO ] 2024-01-20 03:49:41.079 [main] Withdraw_step_def - check withdraw with invalid amount
[INFO ] 2024-01-20 03:49:43.596 [main] Withdraw_step_def - check withdraw with exceed bank amount
[ERROR] 2024-01-20 03:49:55.245 [main] Withdraw_step_def - The withdraw amount ($10000000000000000.00) is greater than the available balance ($5999999997561.00) and overdraft limit ($25.00).
[INFO ] 2024-01-20 03:49:58.249 [main] Withdraw_step_def - give valid amount and deposite
[INFO ] 2024-01-20 03:53:51.072 [main] Withdraw_step_def - User navigates to the URL
[INFO ] 2024-01-20 03:53:56.068 [main] Withdraw_step_def - User performs the login process
[INFO ] 2024-01-20 03:54:00.260 [main] Withdraw_step_def - User clicks on withdraw link
[INFO ] 2024-01-20 03:54:02.315 [main] Withdraw_step_def - select DropDown button and test
[INFO ] 2024-01-20 03:54:02.442 [main] Withdraw_step_def - check RestButton
[INFO ] 2024-01-20 03:54:04.781 [main] Withdraw_step_def - check withdraw with no value in input
[INFO ] 2024-01-20 03:54:05.035 [main] Withdraw_step_def - check withdraw with invalid amount
[ERROR] 2024-01-20 03:54:10.648 [main] Withdraw_step_def - The withdraw amount ($0.00) must be greater than $0.00
[INFO ] 2024-01-20 03:54:10.649 [main] Withdraw_step_def - check withdraw with exceed bank amount
[ERROR] 2024-01-20 03:54:22.230 [main] Withdraw_step_def - The withdraw amount ($10000000000000000.00) is greater than the available balance ($5999999997441.00) and overdraft limit ($25.00).
[INFO ] 2024-01-20 03:54:25.232 [main] Withdraw_step_def - give valid amount and deposite
[INFO ] 2024-01-20 12:54:06.497 [main] Withdraw_step_def - User navigates to the URL
[INFO ] 2024-01-20 12:54:10.885 [main] Withdraw_step_def - User performs the login process
[INFO ] 2024-01-20 12:56:52.876 [main] Withdraw_step_def - User navigates to the URL
[INFO ] 2024-01-20 12:56:57.338 [main] Withdraw_step_def - User performs the login process
[INFO ] 2024-01-20 12:57:00.953 [main] Withdraw_step_def - User clicks on withdraw link
[INFO ] 2024-01-20 12:57:02.596 [main] Withdraw_step_def - select DropDown button and test
[INFO ] 2024-01-20 12:57:02.753 [main] Withdraw_step_def - check RestButton
[INFO ] 2024-01-20 12:57:02.903 [main] Withdraw_step_def - check withdraw with no value in input
[INFO ] 2024-01-20 12:57:03.145 [main] Withdraw_step_def - check withdraw with invalid amount
[ERROR] 2024-01-20 12:57:08.504 [main] Withdraw_step_def - The withdraw amount ($0.00) must be greater than $0.00
[INFO ] 2024-01-20 12:57:08.504 [main] Withdraw_step_def - check withdraw with exceed bank amount
[ERROR] 2024-01-20 12:57:21.333 [main] Withdraw_step_def - The withdraw amount ($10000000000000000.00) is greater than the available balance ($5999999996959.00) and overdraft limit ($25.00).
[INFO ] 2024-01-20 12:57:24.347 [main] Withdraw_step_def - give valid amount and deposite
[INFO ] 2024-01-20 13:28:59.599 [TestNG-test=DepositTests-1] Withdraw_step_def - User navigates to the URL
[INFO ] 2024-01-20 13:29:04.601 [TestNG-test=DepositTests-1] Withdraw_step_def - User performs the login process
[INFO ] 2024-01-20 13:29:09.192 [TestNG-test=DepositTests-1] Withdraw_step_def - User clicks on withdraw link
[INFO ] 2024-01-20 13:29:11.866 [TestNG-test=DepositTests-1] Withdraw_step_def - select DropDown button and test
[INFO ] 2024-01-20 13:29:11.991 [TestNG-test=DepositTests-1] Withdraw_step_def - check ResetButton
[INFO ] 2024-01-20 13:29:12.151 [TestNG-test=DepositTests-1] Withdraw_step_def - check withdraw with no value in input
[INFO ] 2024-01-20 13:29:12.405 [TestNG-test=DepositTests-1] Withdraw_step_def - check withdraw with invalid amount
[ERROR] 2024-01-20 13:29:18.406 [TestNG-test=DepositTests-1] Withdraw_step_def - The withdraw amount ($0.00) must be greater than $0.00
[INFO ] 2024-01-20 13:29:18.407 [TestNG-test=DepositTests-1] Withdraw_step_def - check withdraw with exceed bank amount
[ERROR] 2024-01-20 13:29:30.079 [TestNG-test=DepositTests-1] Withdraw_step_def - The withdraw amount ($10000000000000000.00) is greater than the available balance ($5999999996839.00) and overdraft limit ($25.00).
[INFO ] 2024-01-20 13:29:33.094 [TestNG-test=DepositTests-1] Withdraw_step_def - give valid amount and deposite
[INFO ] 2024-01-20 14:14:47.642 [main] Withdraw_step_def - User navigates to the URL
[INFO ] 2024-01-20 14:14:52.332 [main] Withdraw_step_def - User performs the login process
[INFO ] 2024-01-20 14:14:56.603 [main] Withdraw_step_def - User clicks on withdraw link
[INFO ] 2024-01-20 14:14:58.365 [main] Withdraw_step_def - select DropDown button and test
[INFO ] 2024-01-20 14:29:19.627 [main] Withdraw_step_def - User navigates to the URL
[INFO ] 2024-01-20 14:29:24.144 [main] Withdraw_step_def - User performs the login process
[INFO ] 2024-01-20 14:29:28.226 [main] Withdraw_step_def - User clicks on withdraw link
[INFO ] 2024-01-20 14:29:30.066 [main] Withdraw_step_def - select DropDown button and test
[INFO ] 2024-01-20 14:32:11.509 [main] Withdraw_step_def - User navigates to the URL
[INFO ] 2024-01-20 14:32:16.119 [main] Withdraw_step_def - User performs the login process
[INFO ] 2024-01-20 14:32:20.224 [main] Withdraw_step_def - User clicks on withdraw link
[INFO ] 2024-01-20 14:32:21.909 [main] Withdraw_step_def - select DropDown button and test
[INFO ] 2024-01-20 14:32:22.055 [main] Withdraw_step_def - check ResetButton
[INFO ] 2024-01-20 14:32:25.222 [main] Withdraw_step_def - check withdraw with no value in input
[INFO ] 2024-01-20 14:32:25.537 [main] Withdraw_step_def - check withdraw with invalid amount
[ERROR] 2024-01-20 14:32:31.213 [main] Withdraw_step_def - The withdraw amount ($0.00) must be greater than $0.00
[INFO ] 2024-01-20 14:32:31.215 [main] Withdraw_step_def - check withdraw with exceed bank amount
[ERROR] 2024-01-20 14:32:43.066 [main] Withdraw_step_def - The withdraw amount ($10000000000000000.00) is greater than the available balance ($5999999996719.00) and overdraft limit ($25.00).
[INFO ] 2024-01-20 14:32:46.072 [main] Withdraw_step_def - give valid amount and deposite
[INFO ] 2024-01-20 14:32:49.240 [main] Withdraw_step_def - check withdraw with 'o' value
[INFO ] 2024-01-20 14:41:10.938 [main] Withdraw_step_def - User navigates to the URL
[INFO ] 2024-01-20 14:41:15.419 [main] Withdraw_step_def - User performs the login process
[INFO ] 2024-01-20 14:41:19.614 [main] Withdraw_step_def - User clicks on withdraw link
[INFO ] 2024-01-20 14:41:21.291 [main] Withdraw_step_def - select DropDown button and test
[INFO ] 2024-01-20 14:41:21.433 [main] Withdraw_step_def - check ResetButton
[INFO ] 2024-01-20 14:41:24.598 [main] Withdraw_step_def - check withdraw with no value in input
[INFO ] 2024-01-20 14:41:24.883 [main] Withdraw_step_def - check withdraw with invalid amount
[ERROR] 2024-01-20 14:41:30.915 [main] Withdraw_step_def - The withdraw amount ($0.00) must be greater than $0.00
[INFO ] 2024-01-20 14:41:30.916 [main] Withdraw_step_def - check withdraw with exceed bank amount
[ERROR] 2024-01-20 14:41:42.594 [main] Withdraw_step_def - The withdraw amount ($10000000000000000.00) is greater than the available balance ($5999999996599.00) and overdraft limit ($25.00).
[INFO ] 2024-01-20 14:41:45.608 [main] Withdraw_step_def - give valid amount and deposite
[INFO ] 2024-01-20 14:41:48.453 [main] Withdraw_step_def - check withdraw with 'o' value
[INFO ] 2024-01-20 14:42:27.642 [main] Withdraw_step_def - User navigates to the URL
[INFO ] 2024-01-20 14:42:32.133 [main] Withdraw_step_def - User performs the login process
[INFO ] 2024-01-20 14:42:36.235 [main] Withdraw_step_def - User clicks on withdraw link
[INFO ] 2024-01-20 14:42:38.145 [main] Withdraw_step_def - select DropDown button and test
[INFO ] 2024-01-20 14:42:38.281 [main] Withdraw_step_def - check ResetButton
[INFO ] 2024-01-20 14:42:41.434 [main] Withdraw_step_def - check withdraw with no value in input
[INFO ] 2024-01-20 14:42:41.722 [main] Withdraw_step_def - check withdraw with invalid amount
[ERROR] 2024-01-20 14:42:47.386 [main] Withdraw_step_def - The withdraw amount ($0.00) must be greater than $0.00
[INFO ] 2024-01-20 14:42:47.387 [main] Withdraw_step_def - check withdraw with exceed bank amount
[ERROR] 2024-01-20 14:42:58.700 [main] Withdraw_step_def - The withdraw amount ($10000000000000000.00) is greater than the available balance ($5999999996479.00) and overdraft limit ($25.00).
[INFO ] 2024-01-20 14:43:01.717 [main] Withdraw_step_def - give valid amount and deposite
[INFO ] 2024-01-20 14:43:04.831 [main] Withdraw_step_def - check withdraw with 'o' value
[INFO ] 2024-01-20 14:44:52.337 [main] Withdraw_step_def - User navigates to the URL
[INFO ] 2024-01-20 14:44:56.801 [main] Withdraw_step_def - User performs the login process
[INFO ] 2024-01-20 14:45:00.799 [main] Withdraw_step_def - User clicks on withdraw link
[INFO ] 2024-01-20 14:45:02.324 [main] Withdraw_step_def - select DropDown button and test
[INFO ] 2024-01-20 14:45:02.470 [main] Withdraw_step_def - check ResetButton
[INFO ] 2024-01-20 14:45:05.640 [main] Withdraw_step_def - check withdraw with no value in input
[INFO ] 2024-01-20 14:45:05.951 [main] Withdraw_step_def - check withdraw with invalid amount
[ERROR] 2024-01-20 14:45:11.587 [main] Withdraw_step_def - The withdraw amount ($0.00) must be greater than $0.00
[INFO ] 2024-01-20 14:45:11.588 [main] Withdraw_step_def - check withdraw with exceed bank amount
[ERROR] 2024-01-20 14:45:23.143 [main] Withdraw_step_def - The withdraw amount ($10000000000000000.00) is greater than the available balance ($5999999996359.00) and overdraft limit ($25.00).
[INFO ] 2024-01-20 14:45:26.154 [main] Withdraw_step_def - give valid amount and deposite
[INFO ] 2024-01-20 14:45:29.110 [main] Withdraw_step_def - check withdraw with 'o' value
[INFO ] 2024-01-20 14:49:33.849 [main] Withdraw_step_def - User navigates to the URL
[INFO ] 2024-01-20 14:49:41.370 [main] Withdraw_step_def - User performs the login process
[INFO ] 2024-01-20 14:49:45.642 [main] Withdraw_step_def - User clicks on withdraw link
[INFO ] 2024-01-20 14:49:48.723 [main] Withdraw_step_def - check ResetButton
[INFO ] 2024-01-20 14:49:48.958 [main] Withdraw_step_def - select DropDown button and test
[INFO ] 2024-01-20 14:49:49.115 [main] Withdraw_step_def - check withdraw with no value in input
[INFO ] 2024-01-20 14:49:52.404 [main] Withdraw_step_def - check withdraw with invalid amount
[ERROR] 2024-01-20 14:49:58.845 [main] Withdraw_step_def - The withdraw amount ($0.00) must be greater than $0.00
[INFO ] 2024-01-20 14:49:58.846 [main] Withdraw_step_def - check withdraw with exceed bank amount
[ERROR] 2024-01-20 14:50:05.150 [main] Withdraw_step_def - The withdraw amount ($10000000000000000.00) is greater than the available balance ($5999999996239.00) and overdraft limit ($25.00).
[INFO ] 2024-01-20 14:50:05.151 [main] Withdraw_step_def - give valid amount and deposite
[INFO ] 2024-01-20 14:50:08.095 [main] Withdraw_step_def - check withdraw with 'o' value
[INFO ] 2024-01-20 14:52:26.111 [main] Withdraw_step_def - User navigates to the URL
[INFO ] 2024-01-20 14:52:33.629 [main] Withdraw_step_def - User performs the login process
[INFO ] 2024-01-20 14:52:37.964 [main] Withdraw_step_def - User clicks on withdraw link
[INFO ] 2024-01-20 14:52:41.048 [main] Withdraw_step_def - check ResetButton
[INFO ] 2024-01-20 14:52:41.317 [main] Withdraw_step_def - select DropDown button and test
[INFO ] 2024-01-20 14:52:41.503 [main] Withdraw_step_def - check withdraw with no value in input
[INFO ] 2024-01-20 14:52:44.770 [main] Withdraw_step_def - check withdraw with invalid amount
[ERROR] 2024-01-20 14:52:50.944 [main] Withdraw_step_def - The withdraw amount ($0.00) must be greater than $0.00
[INFO ] 2024-01-20 14:52:50.944 [main] Withdraw_step_def - check withdraw with exceed bank amount
[ERROR] 2024-01-20 14:52:56.879 [main] Withdraw_step_def - The withdraw amount ($10000000000000000.00) is greater than the available balance ($5999999996119.00) and overdraft limit ($25.00).
[INFO ] 2024-01-20 14:52:56.879 [main] Withdraw_step_def - give valid amount and deposite
[INFO ] 2024-01-20 14:52:59.802 [main] Withdraw_step_def - check withdraw with 'o' value
[INFO ] 2024-01-20 15:05:44.635 [main] Withdraw_step_def - User navigates to the URL
[INFO ] 2024-01-20 15:05:47.643 [main] Withdraw_step_def - User performs the login process
[INFO ] 2024-01-20 15:11:11.593 [main] Withdraw_step_def - User navigates to the URL
[INFO ] 2024-01-20 15:11:19.143 [main] Withdraw_step_def - User performs the login process
[INFO ] 2024-01-20 15:11:24.336 [main] Withdraw_step_def - User clicks on withdraw link
[INFO ] 2024-01-20 15:11:33.513 [main] Withdraw_step_def - check ResetButton
[INFO ] 2024-01-20 15:11:33.778 [main] Withdraw_step_def - select DropDown button and test
[INFO ] 2024-01-20 15:11:33.932 [main] Withdraw_step_def - check withdraw with no value in input
[INFO ] 2024-01-20 15:11:37.175 [main] Withdraw_step_def - check withdraw with invalid amount
[ERROR] 2024-01-20 15:11:47.655 [main] Withdraw_step_def - The withdraw amount ($0.00) must be greater than $0.00
[INFO ] 2024-01-20 15:11:47.655 [main] Withdraw_step_def - check withdraw with exceed bank amount
[ERROR] 2024-01-20 15:11:54.836 [main] Withdraw_step_def - The withdraw amount ($10000000000000000.00) is greater than the available balance ($5999999995999.00) and overdraft limit ($25.00).
[INFO ] 2024-01-20 15:11:54.836 [main] Withdraw_step_def - give valid amount and deposite
[INFO ] 2024-01-20 16:24:40.322 [main] Withdraw_step_def - User navigates to the URL
[INFO ] 2024-01-20 16:31:32.227 [main] Withdraw_step_def - User navigates to the URL
[INFO ] 2024-01-20 16:32:19.396 [TestNG-test=DepositTests-1] Withdraw_step_def - User navigates to the URL
[INFO ] 2024-01-20 16:37:18.381 [main] Withdraw_step_def - User navigates to the URL
[INFO ] 2024-01-20 16:37:22.865 [main] Withdraw_step_def - User performs the login process
[INFO ] 2024-01-20 16:37:27.031 [main] Withdraw_step_def - User clicks on withdraw link
[INFO ] 2024-01-20 16:37:28.787 [main] Withdraw_step_def - select DropDown button and test
[INFO ] 2024-01-20 16:38:47.267 [main] Withdraw_step_def - User navigates to the URL
[INFO ] 2024-01-20 16:38:51.707 [main] Withdraw_step_def - User performs the login process
[INFO ] 2024-01-20 16:38:55.850 [main] Withdraw_step_def - User clicks on withdraw link
[INFO ] 2024-01-20 16:38:57.577 [main] Withdraw_step_def - select DropDown button and test
[INFO ] 2024-01-20 16:38:57.761 [main] Withdraw_step_def - check ResetButton
[INFO ] 2024-01-20 16:39:01.052 [main] Withdraw_step_def - check withdraw with no value in input
[INFO ] 2024-01-20 16:39:01.420 [main] Withdraw_step_def - check withdraw with invalid amount
[ERROR] 2024-01-20 16:39:07.833 [main] Withdraw_step_def - The withdraw amount ($0.00) must be greater than $0.00
[INFO ] 2024-01-20 16:39:07.835 [main] Withdraw_step_def - check withdraw with exceed bank amount
[ERROR] 2024-01-20 16:39:19.437 [main] Withdraw_step_def - The withdraw amount ($10000000000000000.00) is greater than the available balance ($5999999995519.00) and overdraft limit ($25.00).
[INFO ] 2024-01-20 16:39:22.449 [main] Withdraw_step_def - give valid amount and deposite
[INFO ] 2024-01-20 16:39:25.391 [main] Withdraw_step_def - check withdraw with 'o' value
[INFO ] 2024-01-20 21:40:16.433 [main] Withdraw_step_def - User navigates to the URL
[INFO ] 2024-01-20 21:40:20.932 [main] Withdraw_step_def - User performs the login process
[INFO ] 2024-01-20 21:40:24.599 [main] Withdraw_step_def - User clicks on withdraw link
[INFO ] 2024-01-20 21:40:25.993 [main] Withdraw_step_def - select DropDown button and test
[INFO ] 2024-01-20 21:40:26.126 [main] Withdraw_step_def - check ResetButton
[INFO ] 2024-01-20 21:40:29.265 [main] Withdraw_step_def - check withdraw with no value in input
[INFO ] 2024-01-20 21:40:29.519 [main] Withdraw_step_def - check withdraw with invalid amount
[ERROR] 2024-01-20 21:40:35.545 [main] Withdraw_step_def - The withdraw amount ($0.00) must be greater than $0.00
[INFO ] 2024-01-20 21:40:35.545 [main] Withdraw_step_def - check withdraw with exceed bank amount
[ERROR] 2024-01-20 21:40:48.157 [main] Withdraw_step_def - The withdraw amount ($10000000000000000.00) is greater than the available balance ($5999999995419.00) and overdraft limit ($25.00).
[INFO ] 2024-01-20 21:40:51.170 [main] Withdraw_step_def - give valid amount and deposite
[INFO ] 2024-01-20 21:40:53.938 [main] Withdraw_step_def - check withdraw with 'o' value
[INFO ] 2024-01-20 22:06:12.805 [main] Withdraw_step_def - User navigates to the URL
[INFO ] 2024-01-20 22:07:12.923 [main] Withdraw_step_def - User navigates to the URL
[INFO ] 2024-01-20 22:08:15.445 [main] Withdraw_step_def - User navigates to the URL
[INFO ] 2024-01-20 22:10:34.098 [main] Withdraw_step_def - User navigates to the URL
[INFO ] 2024-01-20 22:10:39.267 [main] Withdraw_step_def - User performs the login process
[INFO ] 2024-01-20 22:10:43.806 [main] Withdraw_step_def - User clicks on withdraw link
[INFO ] 2024-01-20 22:10:45.697 [main] Withdraw_step_def - select DropDown button and test
[INFO ] 2024-01-20 22:11:23.014 [main] Withdraw_step_def - User navigates to the URL
[INFO ] 2024-01-20 22:11:27.331 [main] Withdraw_step_def - User performs the login process
[INFO ] 2024-01-20 22:11:30.798 [main] Withdraw_step_def - User clicks on withdraw link
[INFO ] 2024-01-20 22:11:32.252 [main] Withdraw_step_def - select DropDown button and test
[INFO ] 2024-01-20 22:11:32.374 [main] Withdraw_step_def - check ResetButton
[INFO ] 2024-01-20 22:11:35.517 [main] Withdraw_step_def - check withdraw with no value in input
[INFO ] 2024-01-20 22:11:35.747 [main] Withdraw_step_def - check withdraw with invalid amount
[ERROR] 2024-01-20 22:11:41.779 [main] Withdraw_step_def - The withdraw amount ($0.00) must be greater than $0.00
[INFO ] 2024-01-20 22:11:41.779 [main] Withdraw_step_def - check withdraw with exceed bank amount
[ERROR] 2024-01-20 22:11:53.122 [main] Withdraw_step_def - The withdraw amount ($10000000000000000.00) is greater than the available balance ($5999999995299.00) and overdraft limit ($25.00).
[INFO ] 2024-01-20 22:11:56.133 [main] Withdraw_step_def - give valid amount and deposite
[INFO ] 2024-01-20 22:11:59.304 [main] Withdraw_step_def - check withdraw with 'o' value
[INFO ] 2024-01-20 22:16:48.099 [main] Withdraw_step_def - User navigates to the URL
[INFO ] 2024-01-20 22:16:50.407 [main] Withdraw_step_def - User performs the login process
[INFO ] 2024-01-20 22:16:54.424 [main] Withdraw_step_def - User clicks on withdraw link
[INFO ] 2024-01-20 22:16:56.288 [main] Withdraw_step_def - select DropDown button and test
[INFO ] 2024-01-20 22:16:56.402 [main] Withdraw_step_def - check ResetButton
[INFO ] 2024-01-20 22:16:59.562 [main] Withdraw_step_def - check withdraw with no value in input
[INFO ] 2024-01-20 22:16:59.787 [main] Withdraw_step_def - check withdraw with invalid amount
[ERROR] 2024-01-20 22:17:05.818 [main] Withdraw_step_def - The withdraw amount ($0.00) must be greater than $0.00
[INFO ] 2024-01-20 22:17:05.819 [main] Withdraw_step_def - check withdraw with exceed bank amount
[ERROR] 2024-01-20 22:17:19.037 [main] Withdraw_step_def - The withdraw amount ($10000000000000000.00) is greater than the available balance ($5999999995179.00) and overdraft limit ($25.00).
[INFO ] 2024-01-20 22:17:22.053 [main] Withdraw_step_def - give valid amount and deposite
[INFO ] 2024-01-20 22:17:25.754 [main] Withdraw_step_def - check withdraw with 'o' value
[INFO ] 2024-01-20 22:35:12.656 [main] Withdraw_step_def - User navigates to the URL
[INFO ] 2024-01-20 22:35:14.835 [main] Withdraw_step_def - User performs the login process
[INFO ] 2024-01-20 22:35:18.636 [main] Withdraw_step_def - User clicks on withdraw link
[INFO ] 2024-01-20 22:35:20.468 [main] Withdraw_step_def - select DropDown button and test
[INFO ] 2024-01-20 22:35:20.582 [main] Withdraw_step_def - check ResetButton
[INFO ] 2024-01-20 22:35:23.735 [main] Withdraw_step_def - check withdraw with no value in input
[INFO ] 2024-01-20 22:35:23.968 [main] Withdraw_step_def - check withdraw with invalid amount
[ERROR] 2024-01-20 22:35:29.438 [main] Withdraw_step_def - The withdraw amount ($0.00) must be greater than $0.00
[INFO ] 2024-01-20 22:35:29.439 [main] Withdraw_step_def - check withdraw with exceed bank amount
[ERROR] 2024-01-20 22:35:40.835 [main] Withdraw_step_def - The withdraw amount ($10000000000000000.00) is greater than the available balance ($5999999994939.00) and overdraft limit ($25.00).
[INFO ] 2024-01-20 22:35:43.844 [main] Withdraw_step_def - give valid amount and deposite
[INFO ] 2024-01-20 22:37:16.090 [main] Withdraw_step_def - User navigates to the URL
[INFO ] 2024-01-20 22:37:17.840 [main] Withdraw_step_def - User performs the login process
[INFO ] 2024-01-20 22:37:21.562 [main] Withdraw_step_def - User clicks on withdraw link
[INFO ] 2024-01-20 22:37:23.282 [main] Withdraw_step_def - select DropDown button and test
[INFO ] 2024-01-20 22:37:23.395 [main] Withdraw_step_def - check ResetButton
[INFO ] 2024-01-20 22:37:26.545 [main] Withdraw_step_def - check withdraw with no value in input
[INFO ] 2024-01-20 22:37:26.764 [main] Withdraw_step_def - check withdraw with invalid amount
[ERROR] 2024-01-20 22:37:32.057 [main] Withdraw_step_def - The withdraw amount ($0.00) must be greater than $0.00
[INFO ] 2024-01-20 22:37:32.058 [main] Withdraw_step_def - check withdraw with exceed bank amount
[ERROR] 2024-01-20 22:37:43.401 [main] Withdraw_step_def - The withdraw amount ($10000000000000000.00) is greater than the available balance ($5999999994819.00) and overdraft limit ($25.00).
[INFO ] 2024-01-20 22:37:46.409 [main] Withdraw_step_def - give valid amount and deposite
[INFO ] 2024-01-20 22:39:50.991 [main] Withdraw_step_def - User navigates to the URL
[INFO ] 2024-01-20 22:39:52.631 [main] Withdraw_step_def - User performs the login process
[INFO ] 2024-01-20 22:39:56.361 [main] Withdraw_step_def - User clicks on withdraw link
[INFO ] 2024-01-20 22:39:58.033 [main] Withdraw_step_def - select DropDown button and test
[INFO ] 2024-01-20 22:39:58.150 [main] Withdraw_step_def - check ResetButton
[INFO ] 2024-01-20 22:40:01.303 [main] Withdraw_step_def - check withdraw with no value in input
[INFO ] 2024-01-20 22:40:01.535 [main] Withdraw_step_def - check withdraw with invalid amount
[ERROR] 2024-01-20 22:40:06.713 [main] Withdraw_step_def - The withdraw amount ($0.00) must be greater than $0.00
[INFO ] 2024-01-20 22:40:06.714 [main] Withdraw_step_def - check withdraw with exceed bank amount
[ERROR] 2024-01-20 22:40:18.231 [main] Withdraw_step_def - The withdraw amount ($10000000000000000.00) is greater than the available balance ($5999999994699.00) and overdraft limit ($25.00).
[INFO ] 2024-01-20 22:40:21.233 [main] Withdraw_step_def - give valid amount and deposite
[INFO ] 2024-01-20 22:44:47.918 [main] Withdraw_step_def - User navigates to the URL
[INFO ] 2024-01-20 22:44:49.796 [main] Withdraw_step_def - User performs the login process
[INFO ] 2024-01-20 22:44:53.574 [main] Withdraw_step_def - User clicks on withdraw link
[INFO ] 2024-01-20 22:44:55.377 [main] Withdraw_step_def - select DropDown button and test
[INFO ] 2024-01-20 22:44:55.478 [main] Withdraw_step_def - check ResetButton
[INFO ] 2024-01-20 22:44:58.618 [main] Withdraw_step_def - check withdraw with no value in input
[INFO ] 2024-01-20 22:44:58.841 [main] Withdraw_step_def - check withdraw with invalid amount
[ERROR] 2024-01-20 22:45:04.190 [main] Withdraw_step_def - The withdraw amount ($0.00) must be greater than $0.00
[INFO ] 2024-01-20 22:45:04.190 [main] Withdraw_step_def - check withdraw with exceed bank amount
[ERROR] 2024-01-20 22:45:15.682 [main] Withdraw_step_def - The withdraw amount ($10000000000000000.00) is greater than the available balance ($5999999994579.00) and overdraft limit ($25.00).
[INFO ] 2024-01-20 22:45:18.694 [main] Withdraw_step_def - give valid amount and deposite
[INFO ] 2024-01-20 22:46:30.645 [main] Withdraw_step_def - User navigates to the URL
[INFO ] 2024-01-20 22:46:32.513 [main] Withdraw_step_def - User performs the login process
[INFO ] 2024-01-20 22:46:37.916 [main] Withdraw_step_def - User clicks on withdraw link
[INFO ] 2024-01-20 22:46:40.803 [main] Withdraw_step_def - select DropDown button and test
[INFO ] 2024-01-20 22:46:40.906 [main] Withdraw_step_def - check ResetButton
[INFO ] 2024-01-20 22:46:44.051 [main] Withdraw_step_def - check withdraw with no value in input
[INFO ] 2024-01-20 22:46:44.269 [main] Withdraw_step_def - check withdraw with invalid amount
[ERROR] 2024-01-20 22:46:50.140 [main] Withdraw_step_def - The withdraw amount ($0.00) must be greater than $0.00
[INFO ] 2024-01-20 22:46:50.140 [main] Withdraw_step_def - check withdraw with exceed bank amount
[ERROR] 2024-01-20 22:47:02.801 [main] Withdraw_step_def - The withdraw amount ($10000000000000000.00) is greater than the available balance ($5999999994459.00) and overdraft limit ($25.00).
[INFO ] 2024-01-20 22:47:05.810 [main] Withdraw_step_def - give valid amount and deposite
